<?xml version="1.0" encoding="UTF-8"?>
<testsuite name="com.bridgelabz.userregistration.UserRegistrationTest" tests="1" skipped="0" failures="0" errors="0" timestamp="2020-04-01T18:46:36" hostname="balaji-Inspiron-5559" time="0.002">
  <properties/>
  <testcase name="registerEmail_givenImproperEmailId_shouldReturnFalse" classname="com.bridgelabz.userregistration.UserRegistrationTest" time="0.002"/>
  <system-out><![CDATA[]]></system-out>
  <system-err><![CDATA[]]></system-err>
</testsuite>
