<?xml version="1.0" encoding="UTF-8"?>
<testsuite name="com.bridgelabz.userregistration.UserRegistrationTest" tests="2" skipped="0" failures="0" errors="0" timestamp="2020-04-01T18:27:58" hostname="balaji-Inspiron-5559" time="0.003">
  <properties/>
  <testcase name="registerLastName_givenProperLastName_shouldReturnTrue" classname="com.bridgelabz.userregistration.UserRegistrationTest" time="0.002"/>
  <testcase name="registerFirstName_givenProperFirstName_shouldReturnTrue" classname="com.bridgelabz.userregistration.UserRegistrationTest" time="0.0"/>
  <system-out><![CDATA[]]></system-out>
  <system-err><![CDATA[]]></system-err>
</testsuite>
