<?xml version="1.0" encoding="UTF-8"?>
<testsuite name="com.bridgelabz.userregistration.UserRegistrationTest" tests="6" skipped="0" failures="0" errors="0" timestamp="2020-04-01T20:34:25" hostname="balaji-Inspiron-5559" time="0.007">
  <properties/>
  <testcase name="registerPassword_ifNoUppercaseLetter_shouldReturnFalse" classname="com.bridgelabz.userregistration.UserRegistrationTest" time="0.002"/>
  <testcase name="registerEmail_givenImproperEmailId_shouldReturnFalse" classname="com.bridgelabz.userregistration.UserRegistrationTest" time="0.001"/>
  <testcase name="registerMobile_givenProperMobileNo_shouldReturnTrue" classname="com.bridgelabz.userregistration.UserRegistrationTest" time="0.0"/>
  <testcase name="registerLastName_givenProperLastName_shouldReturnTrue" classname="com.bridgelabz.userregistration.UserRegistrationTest" time="0.0"/>
  <testcase name="registerPassword_ifPasswordShort_shouldReturnFalse" classname="com.bridgelabz.userregistration.UserRegistrationTest" time="0.0"/>
  <testcase name="registerFirstName_givenProperFirstName_shouldReturnTrue" classname="com.bridgelabz.userregistration.UserRegistrationTest" time="0.001"/>
  <system-out><![CDATA[]]></system-out>
  <system-err><![CDATA[]]></system-err>
</testsuite>
